<?xml version="1.0" encoding="UTF-8" ?>
<testsuites>
<testsuite name="producer-component" errors="0" tests="7" failures="0" time="2.231" timestamp="2016-02-15T09:00:16">
  <testcase classname="producer-component" name="Producer class is imported" time="0.172"></testcase>
  <testcase classname="producer-component" name="producer instance is created" time="0"></testcase>
  <testcase classname="producer-component" name="Producer name is &amp;apos;test&amp;apos;" time="0.016"></testcase>
  <testcase classname="producer-component" name="Producer creates genotype-service" time="0"></testcase>
  <testcase classname="producer-component" name="Producer creates log-service" time="0"></testcase>
  <testcase classname="producer-component" name="Producer processes axiom1 correctly" time="1.029"></testcase>
  <testcase classname="producer-component" name="Producer processes axiom2 correctly" time="1.014"></testcase>
</testsuite>
</testsuites>