<?xml version="1.0" encoding="UTF-8" ?>
<testsuites>
<testsuite name="genotype-service" errors="0" tests="10" failures="0" time="4.056" timestamp="2016-02-15T09:11:05">
  <testcase classname="genotype-service" name="G class is imported" time="0.016"></testcase>
  <testcase classname="genotype-service" name="g instance is created" time="0"></testcase>
  <testcase classname="genotype-service" name="genotype class is imported" time="0"></testcase>
  <testcase classname="genotype-service" name="phenotype-mock instance is created" time="0"></testcase>
  <testcase classname="genotype-service" name="g.emit is defined" time="0"></testcase>
  <testcase classname="genotype-service" name="client is defined" time="0"></testcase>
  <testcase classname="genotype-service" name="client.receive is defined" time="0"></testcase>
  <testcase classname="genotype-service" name="client.last_result is defined" time="0"></testcase>
  <testcase classname="genotype-service" name="Genotype processes axiom1 correctly" time="2.028"></testcase>
  <testcase classname="genotype-service" name="Genotype processes axiom2 correctly" time="2.012"></testcase>
</testsuite>
</testsuites>